<?xml version="1.0" encoding="UTF-8"?>
<!-- Generated by org.testng.reporters.JUnitXMLReporter -->
<testsuite ignored="0" hostname="DESKTOP-V77G50P" failures="1" tests="1" name="Test-Runner1" time="16.573" errors="0" timestamp="2023-04-03T18:56:32 IST">
  <testcase classname="vtiger.ContactsTests.CreateContactWithOrganizationWithBaseClass" name="createContactWithOrgTest" time="1.525">
    <failure type="java.lang.NullPointerException" message="Cannot invoke &amp;quot;org.apache.poi.ss.usermodel.Row.getCell(int)&amp;quot; because the return value of &amp;quot;org.apache.poi.ss.usermodel.Sheet.getRow(int)&amp;quot; is null">
      <![CDATA[java.lang.NullPointerException: Cannot invoke "org.apache.poi.ss.usermodel.Row.getCell(int)" because the return value of "org.apache.poi.ss.usermodel.Sheet.getRow(int)" is null
at Vtiger.GenericUtilities.ExcelFileUtility.readDataFromExcel(ExcelFileUtility.java:35)
at vtiger.ContactsTests.CreateContactWithOrganizationWithBaseClass.createContactWithOrgTest(CreateContactWithOrganizationWithBaseClass.java:42)
at java.base/java.util.ArrayList.forEach(ArrayList.java:1511)
at java.base/java.util.concurrent.FutureTask.run(FutureTask.java:264)
at java.base/java.util.concurrent.ThreadPoolExecutor.runWorker(ThreadPoolExecutor.java:1136)
at java.base/java.util.concurrent.ThreadPoolExecutor$Worker.run(ThreadPoolExecutor.java:635)
at java.base/java.lang.Thread.run(Thread.java:833)
... Removed 18 stack frames]]>
    </failure>
  </testcase> <!-- createContactWithOrgTest -->
</testsuite> <!-- Test-Runner1 -->
