<?xml version="1.0" encoding="UTF-8"?>
<!-- Generated by org.testng.reporters.JUnitReportReporter -->
<testsuite hostname="DESKTOP-V77G50P" failures="0" tests="4" name="vtiger.OrganizationTests.CreateMultipleOrgTest" time="84.871" errors="0" timestamp="2023-04-12T07:57:35 IST" skipped="0">
  <testcase classname="vtiger.OrganizationTests.CreateMultipleOrgTest" name="CreateOrgTest" time="18.469"/>
  <system-out/>
  <testcase classname="vtiger.OrganizationTests.CreateMultipleOrgTest" name="CreateOrgTest" time="29.713"/>
  <system-out/>
  <testcase classname="vtiger.OrganizationTests.CreateMultipleOrgTest" name="CreateOrgTest" time="18.191"/>
  <system-out/>
  <testcase classname="vtiger.OrganizationTests.CreateMultipleOrgTest" name="CreateOrgTest" time="18.498"/>
  <system-out/>
</testsuite> <!-- vtiger.OrganizationTests.CreateMultipleOrgTest -->
