<?xml version="1.0" encoding="UTF-8"?>
<!-- Generated by org.testng.reporters.JUnitReportReporter -->
<testsuite hostname="DESKTOP-V77G50P" failures="0" tests="1" name="vtiger.Practice.TestNGPracticeTest" time="0.020" errors="0" timestamp="2023-03-24T10:45:17 IST" skipped="0">
  <testcase classname="vtiger.Practice.TestNGPracticeTest" name="modifyUserTest" time="0.020"/>
  <system-out/>
</testsuite> <!-- vtiger.Practice.TestNGPracticeTest -->
