<?xml version="1.0" encoding="UTF-8"?>
<!-- Generated by org.testng.reporters.JUnitReportReporter -->
<testsuite hostname="DESKTOP-V77G50P" failures="0" tests="3" name="vtiger.Practice.TestNGPractice2" time="0.013" errors="0" timestamp="2023-03-29T09:33:05 IST" skipped="0">
  <testcase classname="vtiger.Practice.TestNGPractice2" name="modifyUserTest" time="0.001"/>
  <system-out/>
  <testcase classname="vtiger.Practice.TestNGPractice2" name="createUserTest" time="0.011"/>
  <system-out/>
  <testcase classname="vtiger.Practice.TestNGPractice2" name="deleteUserTest" time="0.001"/>
  <system-out/>
</testsuite> <!-- vtiger.Practice.TestNGPractice2 -->
