<?xml version="1.0" encoding="UTF-8"?>
<!-- Generated by org.testng.reporters.JUnitReportReporter -->
<testsuite hostname="DESKTOP-V77G50P" failures="0" tests="4" name="vtiger.OrganizationTests.CreateMultipleOrgTestWithAssertion" time="185.292" errors="0" timestamp="2023-03-31T09:24:01 IST" skipped="0">
  <testcase classname="vtiger.OrganizationTests.CreateMultipleOrgTestWithAssertion" name="CreateOrgTest" time="43.277"/>
  <system-out/>
  <testcase classname="vtiger.OrganizationTests.CreateMultipleOrgTestWithAssertion" name="CreateOrgTest" time="44.800"/>
  <system-out/>
  <testcase classname="vtiger.OrganizationTests.CreateMultipleOrgTestWithAssertion" name="CreateOrgTest" time="51.554"/>
  <system-out/>
  <testcase classname="vtiger.OrganizationTests.CreateMultipleOrgTestWithAssertion" name="CreateOrgTest" time="45.661"/>
  <system-out/>
</testsuite> <!-- vtiger.OrganizationTests.CreateMultipleOrgTestWithAssertion -->
